PS C:\Users\ADMIN\OneDrive\Documents\java-fuzzing-tool> mvn clean compile test-compile
[INFO] Scanning for projects...
[INFO] 
[INFO] ----------------------< org.example:fuzzing-tool >----------------------
[INFO] Building fuzzing-tool 1.0-SNAPSHOT
[INFO]   from pom.xml
[INFO] --------------------------------[ jar ]---------------------------------
[INFO] 
[INFO] --- clean:3.2.0:clean (default-clean) @ fuzzing-tool ---
[INFO] Deleting C:\Users\ADMIN\OneDrive\Documents\java-fuzzing-tool\target
[INFO] 
[INFO] --- resources:3.3.1:resources (default-resources) @ fuzzing-tool ---
[INFO] skip non existing resourceDirectory C:\Users\ADMIN\OneDrive\Documents\java-fuzzing-tool\src\main\resources
[INFO]
[INFO] --- compiler:3.13.0:compile (default-compile) @ fuzzing-tool ---
[INFO] Recompiling the module because of changed source code.
[INFO] Compiling 13 source files with javac [debug target 11] to target\classes
[INFO] -------------------------------------------------------------
[WARNING] COMPILATION WARNING :
[INFO] -------------------------------------------------------------
[WARNING] system modules path not set in conjunction with -source 11
[INFO] 1 warning
[INFO] -------------------------------------------------------------
[INFO] -------------------------------------------------------------
[ERROR] COMPILATION ERROR :
[INFO] -------------------------------------------------------------
[ERROR] /C:/Users/ADMIN/OneDrive/Documents/java-fuzzing-tool/src/main/java/generator/FuzzTestGenerator.java:[9,8] class ImprovedFuzzTestGenerator is public, should be declared in a file named ImprovedFuzzTestGenerator.java
[ERROR] /C:/Users/ADMIN/OneDrive/Documents/java-fuzzing-tool/src/main/java/ui/MainFrame.java:[7,17] cannot access generator.FuzzTestGenerator
  bad source file: C:\Users\ADMIN\OneDrive\Documents\java-fuzzing-tool\src\main\java\generator\FuzzTestGenerator.java
    file does not contain class generator.FuzzTestGenerator
    Please remove or make sure it appears in the correct subdirectory of the sourcepath.
[ERROR] /C:/Users/ADMIN/OneDrive/Documents/java-fuzzing-tool/src/main/java/ui/MainFrame.java:[148,44] cannot find symbol
  symbol:   variable FuzzTestGenerator
  location: class ui.MainFrame
[INFO] 3 errors
[INFO] -------------------------------------------------------------
[INFO] ------------------------------------------------------------------------
[INFO] BUILD FAILURE
[INFO] ------------------------------------------------------------------------
[INFO] Total time:  2.029 s
[INFO] Finished at: 2025-12-08T14:06:08+07:00
[INFO] ------------------------------------------------------------------------
[ERROR] Failed to execute goal org.apache.maven.plugins:maven-compiler-plugin:3.13.0:compile (default-compile) on project fuzzing-tool: Compilation failure: Compilation failure:
[ERROR] /C:/Users/ADMIN/OneDrive/Documents/java-fuzzing-tool/src/main/java/generator/FuzzTestGenerator.java:[9,8] class ImprovedFuzzTestGenerator is public, should be declared in a file named ImprovedFuzzTestGenerator.java
[ERROR] /C:/Users/ADMIN/OneDrive/Documents/java-fuzzing-tool/src/main/java/ui/MainFrame.java:[7,17] cannot access generator.FuzzTestGenerator
[ERROR]   bad source file: C:\Users\ADMIN\OneDrive\Documents\java-fuzzing-tool\src\main\java\generator\FuzzTestGenerator.java
[ERROR]     file does not contain class generator.FuzzTestGenerator
[ERROR]     Please remove or make sure it appears in the correct subdirectory of the sourcepath.
[ERROR] /C:/Users/ADMIN/OneDrive/Documents/java-fuzzing-tool/src/main/java/ui/MainFrame.java:[148,44] cannot find symbol
[ERROR]   symbol:   variable FuzzTestGenerator
[ERROR]   location: class ui.MainFrame
[ERROR] -> [Help 1]
[ERROR]
[ERROR] To see the full stack trace of the errors, re-run Maven with the -e switch.
[ERROR] Re-run Maven using the -X switch to enable full debug logging.
[ERROR]
[ERROR] For more information about the errors and possible solutions, please read the following articles:
[ERROR] [Help 1] http://cwiki.apache.org/confluence/display/MAVEN/MojoFailureException